+ module load openmpi/4.0.1 cmake/3.10.2 cuda/10.0
++ /software/Modules/bin/modulecmd bash load openmpi/4.0.1 cmake/3.10.2 cuda/10.0
+ eval
+ /home/asridhar/julia-1.2.0-rc3/bin/julia --project -e 'using Pkg; Pkg.instantiate(); Pkg.API.precompile()'
  Updating registry at `~/.julia/registries/General`
  Updating git-repo `https://github.com/JuliaRegistries/General.git`
[?25l[2K[?25hPrecompiling project...
+ mpirun /home/asridhar/julia-1.2.0-rc3/bin/julia --project /home/asridhar/CLIMA/test/DGmethods/compressible_Navier_Stokes/density_current-model.jl
[1569610164.243229] [hpc-90-12:337919:0]         parser.c:1369 UCX  WARN  unused env variable: UCX_MEM_MMAP_RELOC (set UCX_WARN_UNUSED_ENV_VARS=n to suppress this warning)
[1569610164.297839] [hpc-90-11:333479:0]         parser.c:1369 UCX  WARN  unused env variable: UCX_MEM_MMAP_RELOC (set UCX_WARN_UNUSED_ENV_VARS=n to suppress this warning)
[1569610164.339913] [hpc-90-17:135850:0]         parser.c:1369 UCX  WARN  unused env variable: UCX_MEM_MMAP_RELOC (set UCX_WARN_UNUSED_ENV_VARS=n to suppress this warning)
[1569610164.339862] [hpc-90-17:135852:0]         parser.c:1369 UCX  WARN  unused env variable: UCX_MEM_MMAP_RELOC (set UCX_WARN_UNUSED_ENV_VARS=n to suppress this warning)
[1569610164.339764] [hpc-90-17:135853:0]         parser.c:1369 UCX  WARN  unused env variable: UCX_MEM_MMAP_RELOC (set UCX_WARN_UNUSED_ENV_VARS=n to suppress this warning)
[1569610164.339908] [hpc-90-17:135857:0]         parser.c:1369 UCX  WARN  unused env variable: UCX_MEM_MMAP_RELOC (set UCX_WARN_UNUSED_ENV_VARS=n to suppress this warning)
[1569610164.339953] [hpc-90-17:135860:0]         parser.c:1369 UCX  WARN  unused env variable: UCX_MEM_MMAP_RELOC (set UCX_WARN_UNUSED_ENV_VARS=n to suppress this warning)
[1569610164.510587] [hpc-90-17:135855:0]         parser.c:1369 UCX  WARN  unused env variable: UCX_MEM_MMAP_RELOC (set UCX_WARN_UNUSED_ENV_VARS=n to suppress this warning)
[1569610164.511371] [hpc-90-11:333481:0]         parser.c:1369 UCX  WARN  unused env variable: UCX_MEM_MMAP_RELOC (set UCX_WARN_UNUSED_ENV_VARS=n to suppress this warning)
[1569610164.524772] [hpc-90-17:135851:0]         parser.c:1369 UCX  WARN  unused env variable: UCX_MEM_MMAP_RELOC (set UCX_WARN_UNUSED_ENV_VARS=n to suppress this warning)
[1569610164.542026] [hpc-90-17:135858:0]         parser.c:1369 UCX  WARN  unused env variable: UCX_MEM_MMAP_RELOC (set UCX_WARN_UNUSED_ENV_VARS=n to suppress this warning)
[1569610164.555369] [hpc-90-17:135859:0]         parser.c:1369 UCX  WARN  unused env variable: UCX_MEM_MMAP_RELOC (set UCX_WARN_UNUSED_ENV_VARS=n to suppress this warning)
[1569610164.555702] [hpc-90-17:135856:0]         parser.c:1369 UCX  WARN  unused env variable: UCX_MEM_MMAP_RELOC (set UCX_WARN_UNUSED_ENV_VARS=n to suppress this warning)
[1569610164.907802] [hpc-90-17:135854:0]         parser.c:1369 UCX  WARN  unused env variable: UCX_MEM_MMAP_RELOC (set UCX_WARN_UNUSED_ENV_VARS=n to suppress this warning)
[1569610165.031676] [hpc-90-13:50288:0]         parser.c:1369 UCX  WARN  unused env variable: UCX_MEM_MMAP_RELOC (set UCX_WARN_UNUSED_ENV_VARS=n to suppress this warning)
[1569610165.228208] [hpc-90-12:337918:0]         parser.c:1369 UCX  WARN  unused env variable: UCX_MEM_MMAP_RELOC (set UCX_WARN_UNUSED_ENV_VARS=n to suppress this warning)
[1569610165.364024] [hpc-90-11:333480:0]         parser.c:1369 UCX  WARN  unused env variable: UCX_MEM_MMAP_RELOC (set UCX_WARN_UNUSED_ENV_VARS=n to suppress this warning)
[1569610165.407665] [hpc-90-15:112493:0]         parser.c:1369 UCX  WARN  unused env variable: UCX_MEM_MMAP_RELOC (set UCX_WARN_UNUSED_ENV_VARS=n to suppress this warning)
[1569610165.407662] [hpc-90-15:112494:0]         parser.c:1369 UCX  WARN  unused env variable: UCX_MEM_MMAP_RELOC (set UCX_WARN_UNUSED_ENV_VARS=n to suppress this warning)
[1569610165.407662] [hpc-90-15:112495:0]         parser.c:1369 UCX  WARN  unused env variable: UCX_MEM_MMAP_RELOC (set UCX_WARN_UNUSED_ENV_VARS=n to suppress this warning)
[1569610165.743086] [hpc-90-16:229902:0]         parser.c:1369 UCX  WARN  unused env variable: UCX_MEM_MMAP_RELOC (set UCX_WARN_UNUSED_ENV_VARS=n to suppress this warning)
[1569610165.743375] [hpc-90-16:229907:0]         parser.c:1369 UCX  WARN  unused env variable: UCX_MEM_MMAP_RELOC (set UCX_WARN_UNUSED_ENV_VARS=n to suppress this warning)
[1569610165.744377] [hpc-90-16:229904:0]         parser.c:1369 UCX  WARN  unused env variable: UCX_MEM_MMAP_RELOC (set UCX_WARN_UNUSED_ENV_VARS=n to suppress this warning)
[1569610165.750365] [hpc-90-16:229912:0]         parser.c:1369 UCX  WARN  unused env variable: UCX_MEM_MMAP_RELOC (set UCX_WARN_UNUSED_ENV_VARS=n to suppress this warning)
[1569610165.769550] [hpc-90-16:229909:0]         parser.c:1369 UCX  WARN  unused env variable: UCX_MEM_MMAP_RELOC (set UCX_WARN_UNUSED_ENV_VARS=n to suppress this warning)
[1569610165.774748] [hpc-90-16:229906:0]         parser.c:1369 UCX  WARN  unused env variable: UCX_MEM_MMAP_RELOC (set UCX_WARN_UNUSED_ENV_VARS=n to suppress this warning)
[1569610165.793750] [hpc-90-16:229879:0]         parser.c:1369 UCX  WARN  unused env variable: UCX_MEM_MMAP_RELOC (set UCX_WARN_UNUSED_ENV_VARS=n to suppress this warning)
[1569610165.838676] [hpc-90-16:229888:0]         parser.c:1369 UCX  WARN  unused env variable: UCX_MEM_MMAP_RELOC (set UCX_WARN_UNUSED_ENV_VARS=n to suppress this warning)
[1569610165.841905] [hpc-90-16:229900:0]         parser.c:1369 UCX  WARN  unused env variable: UCX_MEM_MMAP_RELOC (set UCX_WARN_UNUSED_ENV_VARS=n to suppress this warning)
[1569610165.842788] [hpc-90-16:229877:0]         parser.c:1369 UCX  WARN  unused env variable: UCX_MEM_MMAP_RELOC (set UCX_WARN_UNUSED_ENV_VARS=n to suppress this warning)
[1569610165.844609] [hpc-90-16:229897:0]         parser.c:1369 UCX  WARN  unused env variable: UCX_MEM_MMAP_RELOC (set UCX_WARN_UNUSED_ENV_VARS=n to suppress this warning)
[1569610165.846884] [hpc-90-16:229890:0]         parser.c:1369 UCX  WARN  unused env variable: UCX_MEM_MMAP_RELOC (set UCX_WARN_UNUSED_ENV_VARS=n to suppress this warning)
[1569610165.860013] [hpc-90-16:229916:0]         parser.c:1369 UCX  WARN  unused env variable: UCX_MEM_MMAP_RELOC (set UCX_WARN_UNUSED_ENV_VARS=n to suppress this warning)
[1569610165.862096] [hpc-90-16:229876:0]         parser.c:1369 UCX  WARN  unused env variable: UCX_MEM_MMAP_RELOC (set UCX_WARN_UNUSED_ENV_VARS=n to suppress this warning)
[1569610165.870749] [hpc-90-16:229880:0]         parser.c:1369 UCX  WARN  unused env variable: UCX_MEM_MMAP_RELOC (set UCX_WARN_UNUSED_ENV_VARS=n to suppress this warning)
[1569610165.891280] [hpc-90-16:229881:0]         parser.c:1369 UCX  WARN  unused env variable: UCX_MEM_MMAP_RELOC (set UCX_WARN_UNUSED_ENV_VARS=n to suppress this warning)
[1569610165.929398] [hpc-90-16:229883:0]         parser.c:1369 UCX  WARN  unused env variable: UCX_MEM_MMAP_RELOC (set UCX_WARN_UNUSED_ENV_VARS=n to suppress this warning)
[1569610166.056922] [hpc-90-14:156819:0]         parser.c:1369 UCX  WARN  unused env variable: UCX_MEM_MMAP_RELOC (set UCX_WARN_UNUSED_ENV_VARS=n to suppress this warning)
[1569610166.058083] [hpc-90-14:156820:0]         parser.c:1369 UCX  WARN  unused env variable: UCX_MEM_MMAP_RELOC (set UCX_WARN_UNUSED_ENV_VARS=n to suppress this warning)
[1569610166.059739] [hpc-90-14:156822:0]         parser.c:1369 UCX  WARN  unused env variable: UCX_MEM_MMAP_RELOC (set UCX_WARN_UNUSED_ENV_VARS=n to suppress this warning)
[1569610166.060269] [hpc-90-14:156825:0]         parser.c:1369 UCX  WARN  unused env variable: UCX_MEM_MMAP_RELOC (set UCX_WARN_UNUSED_ENV_VARS=n to suppress this warning)
[1569610166.072594] [hpc-90-14:156838:0]         parser.c:1369 UCX  WARN  unused env variable: UCX_MEM_MMAP_RELOC (set UCX_WARN_UNUSED_ENV_VARS=n to suppress this warning)
[1569610166.075591] [hpc-90-14:156829:0]         parser.c:1369 UCX  WARN  unused env variable: UCX_MEM_MMAP_RELOC (set UCX_WARN_UNUSED_ENV_VARS=n to suppress this warning)
[1569610166.075235] [hpc-90-14:156832:0]         parser.c:1369 UCX  WARN  unused env variable: UCX_MEM_MMAP_RELOC (set UCX_WARN_UNUSED_ENV_VARS=n to suppress this warning)
[1569610166.081849] [hpc-90-14:156839:0]         parser.c:1369 UCX  WARN  unused env variable: UCX_MEM_MMAP_RELOC (set UCX_WARN_UNUSED_ENV_VARS=n to suppress this warning)
[1569610166.082247] [hpc-90-14:156834:0]         parser.c:1369 UCX  WARN  unused env variable: UCX_MEM_MMAP_RELOC (set UCX_WARN_UNUSED_ENV_VARS=n to suppress this warning)
[1569610166.123876] [hpc-90-14:156824:0]         parser.c:1369 UCX  WARN  unused env variable: UCX_MEM_MMAP_RELOC (set UCX_WARN_UNUSED_ENV_VARS=n to suppress this warning)
[1569610166.149157] [hpc-90-14:156836:0]         parser.c:1369 UCX  WARN  unused env variable: UCX_MEM_MMAP_RELOC (set UCX_WARN_UNUSED_ENV_VARS=n to suppress this warning)
[1569610166.151173] [hpc-90-14:156818:0]         parser.c:1369 UCX  WARN  unused env variable: UCX_MEM_MMAP_RELOC (set UCX_WARN_UNUSED_ENV_VARS=n to suppress this warning)
[1569610166.216266] [hpc-90-16:229878:0]         parser.c:1369 UCX  WARN  unused env variable: UCX_MEM_MMAP_RELOC (set UCX_WARN_UNUSED_ENV_VARS=n to suppress this warning)
[1569610166.246429] [hpc-90-14:156851:0]         parser.c:1369 UCX  WARN  unused env variable: UCX_MEM_MMAP_RELOC (set UCX_WARN_UNUSED_ENV_VARS=n to suppress this warning)
[1569610166.279161] [hpc-90-16:229886:0]         parser.c:1369 UCX  WARN  unused env variable: UCX_MEM_MMAP_RELOC (set UCX_WARN_UNUSED_ENV_VARS=n to suppress this warning)
[1569610166.375329] [hpc-90-16:229882:0]         parser.c:1369 UCX  WARN  unused env variable: UCX_MEM_MMAP_RELOC (set UCX_WARN_UNUSED_ENV_VARS=n to suppress this warning)
[1569610166.381379] [hpc-90-16:229903:0]         parser.c:1369 UCX  WARN  unused env variable: UCX_MEM_MMAP_RELOC (set UCX_WARN_UNUSED_ENV_VARS=n to suppress this warning)
[1569610166.435812] [hpc-90-16:229908:0]         parser.c:1369 UCX  WARN  unused env variable: UCX_MEM_MMAP_RELOC (set UCX_WARN_UNUSED_ENV_VARS=n to suppress this warning)
[1569610166.455117] [hpc-90-16:229901:0]         parser.c:1369 UCX  WARN  unused env variable: UCX_MEM_MMAP_RELOC (set UCX_WARN_UNUSED_ENV_VARS=n to suppress this warning)
[1569610166.502685] [hpc-90-16:229914:0]         parser.c:1369 UCX  WARN  unused env variable: UCX_MEM_MMAP_RELOC (set UCX_WARN_UNUSED_ENV_VARS=n to suppress this warning)
[1569610166.606345] [hpc-90-16:229899:0]         parser.c:1369 UCX  WARN  unused env variable: UCX_MEM_MMAP_RELOC (set UCX_WARN_UNUSED_ENV_VARS=n to suppress this warning)
[1569610166.630541] [hpc-90-14:156827:0]         parser.c:1369 UCX  WARN  unused env variable: UCX_MEM_MMAP_RELOC (set UCX_WARN_UNUSED_ENV_VARS=n to suppress this warning)
[1569610166.630587] [hpc-90-14:156850:0]         parser.c:1369 UCX  WARN  unused env variable: UCX_MEM_MMAP_RELOC (set UCX_WARN_UNUSED_ENV_VARS=n to suppress this warning)
[1569610166.660213] [hpc-90-14:156849:0]         parser.c:1369 UCX  WARN  unused env variable: UCX_MEM_MMAP_RELOC (set UCX_WARN_UNUSED_ENV_VARS=n to suppress this warning)
[1569610166.679909] [hpc-90-14:156821:0]         parser.c:1369 UCX  WARN  unused env variable: UCX_MEM_MMAP_RELOC (set UCX_WARN_UNUSED_ENV_VARS=n to suppress this warning)
[1569610166.699004] [hpc-90-14:156823:0]         parser.c:1369 UCX  WARN  unused env variable: UCX_MEM_MMAP_RELOC (set UCX_WARN_UNUSED_ENV_VARS=n to suppress this warning)
[1569610167.073468] [hpc-90-14:156841:0]         parser.c:1369 UCX  WARN  unused env variable: UCX_MEM_MMAP_RELOC (set UCX_WARN_UNUSED_ENV_VARS=n to suppress this warning)
┌ Info: Starting
│ norm(Q₀) = 4.3981096960000000e+09
│ ArrayType = Array
└ FloatType = Float32
┌ Info: Update
│ simtime = 5.2999979257583618e-01
│ runtime = 00:00:59
└ norm(Q) = 4.3980738560000000e+09
┌ Info: Update
│ simtime = 1.4699989557266235e+00
│ runtime = 00:02:03
└ norm(Q) = 4.3978516480000000e+09
┌ Info: Update
│ simtime = 2.2399983406066895e+00
│ runtime = 00:03:06
└ norm(Q) = 4.3975592960000000e+09
┌ Info: Update
│ simtime = 2.8199977874755859e+00
│ runtime = 00:04:05
└ norm(Q) = 4.3973048320000000e+09
┌ Info: Update
│ simtime = 3.4599971771240234e+00
│ runtime = 00:05:05
└ norm(Q) = 4.3970145280000000e+09
┌ Info: Update
│ simtime = 4.2100014686584473e+00
│ runtime = 00:06:03
└ norm(Q) = 4.3966924800000000e+09
/home/asridhar/CLIMA/test/DGmethods/compressible_Navier_Stokes/density_current-model.jl: Error During Test at /home/asridhar/CLIMA/test/DGmethods/compressible_Navier_Stokes/density_current-model.jl:201
  Got exception outside of a @test
  GSL Error 11 (exceeded max number of iterations): gsl_sf_gamma_inc_e(a, x, &result) at gamma_inc.c:720
  Stacktrace:
   [1] custom_error_handler(::String, ::String, ::Int32, ::Int32) at /home/asridhar/.julia/packages/GSL/IVE5m/src/error_handling.jl:42
   [2] custom_error_handler(::Ptr{UInt8}, ::Ptr{UInt8}, ::Int32, ::Int32) at /home/asridhar/.julia/packages/GSL/IVE5m/src/error_handling.jl:9
   [3] sf_gamma_inc at /home/asridhar/.julia/packages/GSL/IVE5m/src/gen/direct_wrappers/gsl_sf_gamma_h.jl:622 [inlined]
   [4] dynamic_viscosity_tensor(::StretchedVortex, ::SHermitianCompact{3,Float32,6}, ::Vars{NamedTuple{(:ρ, :ρu, :ρe, :turbulence, :moisture, :radiation),Tuple{Float32,SArray{Tuple{3},Float32,1,3},Float32,NamedTuple{(),Tuple{}},NamedTuple{(:ρq_tot,),Tuple{Float32}},NamedTuple{(),Tuple{}}}},MArray{Tuple{6},Float32,1,6},0}, ::Vars{NamedTuple{(:ρτ, :ρd_h_tot, :turbulence, :moisture),Tuple{SHermitianCompact{3,Float32,6},SArray{Tuple{3},Float32,1,3},NamedTuple{(),Tuple{}},NamedTuple{(:ρd_q_tot, :ρd_h_tot),Tuple{SArray{Tuple{3},Float32,1,3},SArray{Tuple{3},Float32,1,3}}}}},MArray{Tuple{15},Float32,1,15},0}, ::Grad{NamedTuple{(:u, :h_tot, :turbulence, :moisture),Tuple{SArray{Tuple{3},Float32,1,3},Float32,NamedTuple{(:θ_v,),Tuple{Float32}},NamedTuple{(:q_tot, :h_tot),Tuple{Float32,Float32}}}},MArray{Tuple{3,7},Float32,2,21},0}, ::Vars{NamedTuple{(:∫dz, :∫dnz, :coord, :orientation, :ref_state, :turbulence, :moisture, :radiation),Tuple{NamedTuple{(:radiation,),Tuple{NamedTuple{(),Tuple{}}}},NamedTuple{(:radiation,),Tuple{NamedTuple{(),Tuple{}}}},SArray{Tuple{3},Float32,1,3},NamedTuple{(:Φ, :∇Φ),Tuple{Float32,SArray{Tuple{3},Float32,1,3}}},NamedTuple{(),Tuple{}},NamedTuple{(:Δ,),Tuple{Float32}},NamedTuple{(:temperature, :θ_v, :q_liq),Tuple{Float32,Float32,Float32}},NamedTuple{(),Tuple{}}}},MArray{Tuple{11},Float32,1,11},0}, ::Float32) at /central/home/asridhar/CLIMA/src/Atmos/Model/turbulence.jl:215
   [5] diffusive!(::AtmosModel{FlatOrientation,NoReferenceState,StretchedVortex,EquilMoist,NoRadiation,Gravity,NoFluxBC,typeof(Initialise_Density_Current!)}, ::Vars{NamedTuple{(:ρτ, :ρd_h_tot, :turbulence, :moisture),Tuple{SHermitianCompact{3,Float32,6},SArray{Tuple{3},Float32,1,3},NamedTuple{(),Tuple{}},NamedTuple{(:ρd_q_tot, :ρd_h_tot),Tuple{SArray{Tuple{3},Float32,1,3},SArray{Tuple{3},Float32,1,3}}}}},MArray{Tuple{15},Float32,1,15},0}, ::Grad{NamedTuple{(:u, :h_tot, :turbulence, :moisture),Tuple{SArray{Tuple{3},Float32,1,3},Float32,NamedTuple{(:θ_v,),Tuple{Float32}},NamedTuple{(:q_tot, :h_tot),Tuple{Float32,Float32}}}},MArray{Tuple{3,7},Float32,2,21},0}, ::Vars{NamedTuple{(:ρ, :ρu, :ρe, :turbulence, :moisture, :radiation),Tuple{Float32,SArray{Tuple{3},Float32,1,3},Float32,NamedTuple{(),Tuple{}},NamedTuple{(:ρq_tot,),Tuple{Float32}},NamedTuple{(),Tuple{}}}},MArray{Tuple{6},Float32,1,6},0}, ::Vars{NamedTuple{(:∫dz, :∫dnz, :coord, :orientation, :ref_state, :turbulence, :moisture, :radiation),Tuple{NamedTuple{(:radiation,),Tuple{NamedTuple{(),Tuple{}}}},NamedTuple{(:radiation,),Tuple{NamedTuple{(),Tuple{}}}},SArray{Tuple{3},Float32,1,3},NamedTuple{(:Φ, :∇Φ),Tuple{Float32,SArray{Tuple{3},Float32,1,3}}},NamedTuple{(),Tuple{}},NamedTuple{(:Δ,),Tuple{Float32}},NamedTuple{(:temperature, :θ_v, :q_liq),Tuple{Float32,Float32,Float32}},NamedTuple{(),Tuple{}}}},MArray{Tuple{11},Float32,1,11},0}, ::Float32) at /central/home/asridhar/CLIMA/src/Atmos/Model/AtmosModel.jl:167
   [6] diffusive_penalty!(::CentralGradPenalty, ::AtmosModel{FlatOrientation,NoReferenceState,StretchedVortex,EquilMoist,NoRadiation,Gravity,NoFluxBC,typeof(Initialise_Density_Current!)}, ::MArray{Tuple{15},Float32,1,15}, ::SArray{Tuple{3},Float32,1,3}, ::MArray{Tuple{7},Float32,1,7}, ::MArray{Tuple{6},Float32,1,6}, ::MArray{Tuple{11},Float32,1,11}, ::MArray{Tuple{7},Float32,1,7}, ::MArray{Tuple{6},Float32,1,6}, ::MArray{Tuple{11},Float32,1,11}, ::Float32) at /central/home/asridhar/CLIMA/src/DGmethods/NumericalFluxes.jl:45
   [7] faceviscterms!(::AtmosModel{FlatOrientation,NoReferenceState,StretchedVortex,EquilMoist,NoRadiation,Gravity,NoFluxBC,typeof(Initialise_Density_Current!)}, ::Val{3}, ::Val{4}, ::CentralGradPenalty, ::Array{Float32,3}, ::Array{Float32,3}, ::Array{Float32,3}, ::Array{Float32,3}, ::Array{Float32,4}, ::Float32, ::Array{Int64,3}, ::Array{Int64,3}, ::Array{Int64,2}, ::UnitRange{Int64}) at /central/home/asridhar/CLIMA/src/DGmethods/DGmodel_kernels.jl:554
   [8] macro expansion at /home/asridhar/.julia/packages/GPUifyLoops/ZKqaZ/src/GPUifyLoops.jl:67 [inlined]
   [9] #call#2(::Bool, ::DGModel{AtmosModel{FlatOrientation,NoReferenceState,StretchedVortex,EquilMoist,NoRadiation,Gravity,NoFluxBC,typeof(Initialise_Density_Current!)},DiscontinuousSpectralElementGrid{Float32,3,4,125,Array,Array{Float32,1},Array{Float32,2},Array{Float32,3},Array{Float32,4},Array{Int64,1},Array{Int64,2},Array{Int64,3},StackedBrickTopology{3,Float32}},Rusanov,CentralNumericalFluxDiffusive,CentralGradPenalty,MPIStateArray{Tuple{125,11},Float32,Array,3,Array{Float32,3},2,Array{Int64,1},SubArray{Float32,3,Array{Float32,3},Tuple{Base.Slice{Base.OneTo{Int64}},Base.Slice{Base.OneTo{Int64}},UnitRange{Int64}},true},Array{Float32,2}},MPIStateArray{Tuple{125,15},Float32,Array,3,Array{Float32,3},2,Array{Int64,1},SubArray{Float32,3,Array{Float32,3},Tuple{Base.Slice{Base.OneTo{Int64}},Base.Slice{Base.OneTo{Int64}},UnitRange{Int64}},true},Array{Float32,2}}}, ::MPIStateArray{Tuple{125,6},Float32,Array,3,Array{Float32,3},2,Array{Int64,1},SubArray{Float32,3,Array{Float32,3},Tuple{Base.Slice{Base.OneTo{Int64}},Base.Slice{Base.OneTo{Int64}},UnitRange{Int64}},true},Array{Float32,2}}, ::MPIStateArray{Tuple{125,6},Float32,Array,3,Array{Float32,3},2,Array{Int64,1},SubArray{Float32,3,Array{Float32,3},Tuple{Base.Slice{Base.OneTo{Int64}},Base.Slice{Base.OneTo{Int64}},UnitRange{Int64}},true},Array{Float32,2}}, ::Nothing, ::Float32) at /central/home/asridhar/CLIMA/src/DGmethods/DGmodel.jl:68
   [10] (::getfield(CLIMA.DGmethods, Symbol("#kw#DGModel")))(::NamedTuple{(:increment,),Tuple{Bool}}, ::DGModel{AtmosModel{FlatOrientation,NoReferenceState,StretchedVortex,EquilMoist,NoRadiation,Gravity,NoFluxBC,typeof(Initialise_Density_Current!)},DiscontinuousSpectralElementGrid{Float32,3,4,125,Array,Array{Float32,1},Array{Float32,2},Array{Float32,3},Array{Float32,4},Array{Int64,1},Array{Int64,2},Array{Int64,3},StackedBrickTopology{3,Float32}},Rusanov,CentralNumericalFluxDiffusive,CentralGradPenalty,MPIStateArray{Tuple{125,11},Float32,Array,3,Array{Float32,3},2,Array{Int64,1},SubArray{Float32,3,Array{Float32,3},Tuple{Base.Slice{Base.OneTo{Int64}},Base.Slice{Base.OneTo{Int64}},UnitRange{Int64}},true},Array{Float32,2}},MPIStateArray{Tuple{125,15},Float32,Array,3,Array{Float32,3},2,Array{Int64,1},SubArray{Float32,3,Array{Float32,3},Tuple{Base.Slice{Base.OneTo{Int64}},Base.Slice{Base.OneTo{Int64}},UnitRange{Int64}},true},Array{Float32,2}}}, ::MPIStateArray{Tuple{125,6},Float32,Array,3,Array{Float32,3},2,Array{Int64,1},SubArray{Float32,3,Array{Float32,3},Tuple{Base.Slice{Base.OneTo{Int64}},Base.Slice{Base.OneTo{Int64}},UnitRange{Int64}},true},Array{Float32,2}}, ::MPIStateArray{Tuple{125,6},Float32,Array,3,Array{Float32,3},2,Array{Int64,1},SubArray{Float32,3,Array{Float32,3},Tuple{Base.Slice{Base.OneTo{Int64}},Base.Slice{Base.OneTo{Int64}},UnitRange{Int64}},true},Array{Float32,2}}, ::Nothing, ::Float32) at ./none:0
   [11] dostep!(::MPIStateArray{Tuple{125,6},Float32,Array,3,Array{Float32,3},2,Array{Int64,1},SubArray{Float32,3,Array{Float32,3},Tuple{Base.Slice{Base.OneTo{Int64}},Base.Slice{Base.OneTo{Int64}},UnitRange{Int64}},true},Array{Float32,2}}, ::LowStorageRungeKutta2N{Float32,Float32,MPIStateArray{Tuple{125,6},Float32,Array,3,Array{Float32,3},2,Array{Int64,1},SubArray{Float32,3,Array{Float32,3},Tuple{Base.Slice{Base.OneTo{Int64}},Base.Slice{Base.OneTo{Int64}},UnitRange{Int64}},true},Array{Float32,2}},5}, ::Nothing, ::Int64, ::Bool) at /central/home/asridhar/CLIMA/src/ODESolvers/LowStorageRungeKuttaMethod.jl:92
   [12] #solve!#1(::Int64, ::Bool, ::Int64, ::Tuple{CLIMA.GenericCallbacks.EveryXWallTimeSeconds,CLIMA.GenericCallbacks.EveryXSimulationSteps}, ::typeof(solve!), ::MPIStateArray{Tuple{125,6},Float32,Array,3,Array{Float32,3},2,Array{Int64,1},SubArray{Float32,3,Array{Float32,3},Tuple{Base.Slice{Base.OneTo{Int64}},Base.Slice{Base.OneTo{Int64}},UnitRange{Int64}},true},Array{Float32,2}}, ::LowStorageRungeKutta2N{Float32,Float32,MPIStateArray{Tuple{125,6},Float32,Array,3,Array{Float32,3},2,Array{Int64,1},SubArray{Float32,3,Array{Float32,3},Tuple{Base.Slice{Base.OneTo{Int64}},Base.Slice{Base.OneTo{Int64}},UnitRange{Int64}},true},Array{Float32,2}},5}, ::Nothing) at /central/home/asridhar/CLIMA/src/ODESolvers/ODESolvers.jl:53
   [13] #solve! at ./none:0 [inlined] (repeats 2 times)
   [14] run(::MPI.Comm, ::Type, ::StackedBrickTopology{3,Float32}, ::Int64, ::Tuple{Int64,Int64,Int64}, ::Int64, ::Int64, ::Type, ::Float64) at /home/asridhar/CLIMA/test/DGmethods/compressible_Navier_Stokes/density_current-model.jl:172
   [15] top-level scope at /home/asridhar/CLIMA/test/DGmethods/compressible_Navier_Stokes/density_current-model.jl:208
   [16] top-level scope at /buildworker/worker/package_linux64/build/usr/share/julia/stdlib/v1.2/Test/src/Test.jl:1186
   [17] top-level scope at /home/asridhar/CLIMA/test/DGmethods/compressible_Navier_Stokes/density_current-model.jl:201
   [18] include at ./boot.jl:328 [inlined]
   [19] include_relative(::Module, ::String) at ./loading.jl:1094
   [20] include(::Module, ::String) at ./Base.jl:31
   [21] exec_options(::Base.JLOptions) at ./client.jl:295
   [22] _start() at ./client.jl:464
  
Test Summary:                                                                           | Error  Total
/home/asridhar/CLIMA/test/DGmethods/compressible_Navier_Stokes/density_current-model.jl |     1      1
ERROR: LoadError: Some tests did not pass: 0 passed, 0 failed, 1 errored, 0 broken.
in expression starting at /home/asridhar/CLIMA/test/DGmethods/compressible_Navier_Stokes/density_current-model.jl:189
slurmstepd: error: *** JOB 7250495 ON hpc-90-11 CANCELLED AT 2019-09-27T21:49:18 DUE TO TIME LIMIT ***
--------------------------------------------------------------------------
ORTE has lost communication with a remote daemon.

  HNP daemon   : [[43420,0],0] on node hpc-90-11
  Remote daemon: [[43420,0],2] on node hpc-90-13

This is usually due to either a failure of the TCP network
connection to the node, or possibly an internal failure of
the daemon itself. We cannot recover from this failure, and
therefore will terminate the job.
--------------------------------------------------------------------------
