WARNING: Method definition overdub(Cassette.Context{N, M, T, P, B, H} where H<:Union{Cassette.DisableHooks, Nothing} where B<:Union{Nothing, Base.IdDict{Module, Base.Dict{Symbol, Cassette.BindingMeta}}} where P<:Cassette.AbstractPass where T<:Union{Nothing, Cassette.Tag{N, X, E} where E where X where N<:Cassette.AbstractContextName} where M where N<:Cassette.AbstractContextName, Any...) in module Cassette at /home/asridhar/.julia/packages/Cassette/YCOeN/src/overdub.jl:524 overwritten in module GPUifyLoops at /home/asridhar/.julia/packages/Cassette/YCOeN/src/overdub.jl:524.
  ** incremental compilation may be fatally broken for this module **

WARNING: Method definition recurse(Cassette.Context{N, M, T, P, B, H} where H<:Union{Cassette.DisableHooks, Nothing} where B<:Union{Nothing, Base.IdDict{Module, Base.Dict{Symbol, Cassette.BindingMeta}}} where P<:Cassette.AbstractPass where T<:Union{Nothing, Cassette.Tag{N, X, E} where E where X where N<:Cassette.AbstractContextName} where M where N<:Cassette.AbstractContextName, Any...) in module Cassette at /home/asridhar/.julia/packages/Cassette/YCOeN/src/overdub.jl:537 overwritten in module GPUifyLoops at /home/asridhar/.julia/packages/Cassette/YCOeN/src/overdub.jl:537.
  ** incremental compilation may be fatally broken for this module **

WARNING: Method definition altitude(CLIMA.Atmos.Orientation, CLIMA.VariableTemplates.Vars{S, A, offset} where offset where A where S) in module Atmos at /central/home/asridhar/CLIMA/src/Atmos/Model/orientation.jl:16 overwritten at /central/home/asridhar/CLIMA/src/Atmos/Model/orientation.jl:28.
  ** incremental compilation may be fatally broken for this module **

WARNING: Method definition atmos_init_aux!(CLIMA.Atmos.NoOrientation, CLIMA.Atmos.AtmosModel{O, RS, T, M, R, S, BC, IS} where IS where BC where S where R where M where T where RS where O, CLIMA.VariableTemplates.Vars{S, A, offset} where offset where A where S, CLIMA.Mesh.Geometry.LocalGeometry{T, P} where P where T) in module Atmos at /central/home/asridhar/CLIMA/src/Atmos/Model/orientation.jl:26 overwritten at /central/home/asridhar/CLIMA/src/Atmos/Model/orientation.jl:30.
  ** incremental compilation may be fatally broken for this module **

  Updating registry at `~/.julia/registries/General`
  Updating git-repo `https://github.com/JuliaRegistries/General.git`
[?25l[2K[?25hPrecompiling project...
Precompiling CLIMA
[1568915684.222042] [hpc-22-30:60838:0]         parser.c:1369 UCX  WARN  unused env variable: UCX_MEM_MMAP_RELOC (set UCX_WARN_UNUSED_ENV_VARS=n to suppress this warning)
[ Info: (CuArray, Float32, 3)
[ Info: ((7, 7, 11), (35.0f0, 35.0f0, 35.0f0), (1000, 1000, 1500), 0.001, 14400.0f0)
┌ Info: Starting
└ norm(Q₀) = 1.3133322240000000e+09
┌ Info: Update
│ simtime = 1.1198708343505859e+02
│ runtime = 00:09:59
└ norm(Q) = 1.3128764160000000e+09
┌ Info: Update
│ simtime = 2.3336402893066406e+02
│ runtime = 00:19:59
└ norm(Q) = 1.3124610560000000e+09
┌ Info: Update
│ simtime = 3.5505755615234375e+02
│ runtime = 00:29:59
└ norm(Q) = 1.3121821440000000e+09
┌ Info: Update
│ simtime = 4.7628079223632813e+02
│ runtime = 00:39:59
└ norm(Q) = 1.3121136640000000e+09
┌ Info: Update
│ simtime = 5.9473040771484375e+02
│ runtime = 00:49:59
└ norm(Q) = 1.3119466240000000e+09
┌ Info: Update
│ simtime = 7.1244622802734375e+02
│ runtime = 00:59:59
└ norm(Q) = 1.3111156480000000e+09
┌ Info: Update
│ simtime = 8.3034857177734375e+02
│ runtime = 01:09:59
└ norm(Q) = 1.3107472640000000e+09
┌ Info: Update
│ simtime = 9.4862493896484375e+02
│ runtime = 01:19:59
└ norm(Q) = 1.3106374400000000e+09
┌ Info: Update
│ simtime = 1.0660830078125000e+03
│ runtime = 01:29:59
└ norm(Q) = 1.3107806720000000e+09
┌ Info: Update
│ simtime = 1.1838955078125000e+03
│ runtime = 01:39:59
└ norm(Q) = 1.3107957760000000e+09
┌ Info: Update
│ simtime = 1.3020605468750000e+03
│ runtime = 01:49:59
└ norm(Q) = 1.3108572160000000e+09
┌ Info: Update
│ simtime = 1.4194501953125000e+03
│ runtime = 01:59:59
└ norm(Q) = 1.3109245440000000e+09
┌ Info: Update
│ simtime = 1.5372314453125000e+03
│ runtime = 02:09:59
└ norm(Q) = 1.3110658560000000e+09
┌ Info: Update
│ simtime = 1.6548173828125000e+03
│ runtime = 02:19:59
└ norm(Q) = 1.3111292160000000e+09
┌ Info: Update
│ simtime = 1.7729619140625000e+03
│ runtime = 02:29:59
└ norm(Q) = 1.3112483840000000e+09
┌ Info: Update
│ simtime = 1.8903544921875000e+03
│ runtime = 02:39:59
└ norm(Q) = 1.3113308160000000e+09
┌ Info: Update
│ simtime = 2.0077900390625000e+03
│ runtime = 02:49:59
└ norm(Q) = 1.3113964800000000e+09
┌ Info: Update
│ simtime = 2.1253750000000000e+03
│ runtime = 02:59:59
└ norm(Q) = 1.3114590720000000e+09
┌ Info: Update
│ simtime = 2.2432587890625000e+03
│ runtime = 03:09:59
└ norm(Q) = 1.3115217920000000e+09
┌ Info: Update
│ simtime = 2.3610019531250000e+03
│ runtime = 03:19:59
└ norm(Q) = 1.3116250880000000e+09
┌ Info: Update
│ simtime = 2.4787998046875000e+03
│ runtime = 03:29:59
└ norm(Q) = 1.3117282560000000e+09
┌ Info: Update
│ simtime = 2.5967949218750000e+03
│ runtime = 03:39:59
└ norm(Q) = 1.3118530560000000e+09
┌ Info: Update
│ simtime = 2.7146865234375000e+03
│ runtime = 03:49:59
└ norm(Q) = 1.3119770880000000e+09
┌ Info: Update
│ simtime = 2.8328974609375000e+03
│ runtime = 03:59:59
└ norm(Q) = 1.3120193280000000e+09
┌ Info: Update
│ simtime = 2.9496962890625000e+03
│ runtime = 04:10:00
└ norm(Q) = 1.3120920320000000e+09
┌ Info: Update
│ simtime = 3.0664355468750000e+03
│ runtime = 04:19:59
└ norm(Q) = 1.3121457920000000e+09
┌ Info: Update
│ simtime = 3.1836855468750000e+03
│ runtime = 04:30:00
└ norm(Q) = 1.3121864960000000e+09
┌ Info: Update
│ simtime = 3.3004335937500000e+03
│ runtime = 04:40:00
└ norm(Q) = 1.3122955520000000e+09
┌ Info: Update
│ simtime = 3.4169541015625000e+03
│ runtime = 04:50:00
└ norm(Q) = 1.3124828160000000e+09
┌ Info: Update
│ simtime = 3.5336259765625000e+03
│ runtime = 05:00:00
└ norm(Q) = 1.3125774080000000e+09
┌ Info: Update
│ simtime = 3.6504179687500000e+03
│ runtime = 05:10:00
└ norm(Q) = 1.3127363840000000e+09
┌ Info: Update
│ simtime = 3.7671650390625000e+03
│ runtime = 05:20:00
└ norm(Q) = 1.3127754240000000e+09
┌ Info: Update
│ simtime = 3.8840039062500000e+03
│ runtime = 05:30:00
└ norm(Q) = 1.3128051200000000e+09
┌ Info: Update
│ simtime = 4.0017275390625000e+03
│ runtime = 05:40:00
└ norm(Q) = 1.3128505600000000e+09
┌ Info: Update
│ simtime = 4.1192832031250000e+03
│ runtime = 05:50:00
└ norm(Q) = 1.3129649920000000e+09
┌ Info: Update
│ simtime = 4.2367822265625000e+03
│ runtime = 06:00:00
└ norm(Q) = 1.3130478080000000e+09
┌ Info: Update
│ simtime = 4.3543193359375000e+03
│ runtime = 06:10:00
└ norm(Q) = 1.3131375360000000e+09
┌ Info: Update
│ simtime = 4.4723554687500000e+03
│ runtime = 06:20:00
└ norm(Q) = 1.3132170240000000e+09
┌ Info: Update
│ simtime = 4.5907714843750000e+03
│ runtime = 06:30:00
└ norm(Q) = 1.3132573440000000e+09
┌ Info: Update
│ simtime = 4.7089814453125000e+03
│ runtime = 06:40:00
└ norm(Q) = 1.3133171200000000e+09
┌ Info: Update
│ simtime = 4.8267763671875000e+03
│ runtime = 06:50:00
└ norm(Q) = 1.3134202880000000e+09
┌ Info: Update
│ simtime = 4.9448144531250000e+03
│ runtime = 07:00:00
└ norm(Q) = 1.3135010560000000e+09
┌ Info: Update
│ simtime = 5.0626669921875000e+03
│ runtime = 07:10:00
└ norm(Q) = 1.3136040960000000e+09
┌ Info: Update
│ simtime = 5.1802343750000000e+03
│ runtime = 07:20:00
└ norm(Q) = 1.3137297920000000e+09
┌ Info: Update
│ simtime = 5.2977832031250000e+03
│ runtime = 07:30:00
└ norm(Q) = 1.3139255040000000e+09
┌ Info: Update
│ simtime = 5.4153154296875000e+03
│ runtime = 07:40:00
└ norm(Q) = 1.3139695360000000e+09
┌ Info: Update
│ simtime = 5.5327451171875000e+03
│ runtime = 07:50:00
└ norm(Q) = 1.3140693760000000e+09
┌ Info: Update
│ simtime = 5.6501201171875000e+03
│ runtime = 08:00:00
└ norm(Q) = 1.3141651200000000e+09
┌ Info: Update
│ simtime = 5.7678828125000000e+03
│ runtime = 08:10:00
└ norm(Q) = 1.3142457600000000e+09
┌ Info: Update
│ simtime = 5.8866533203125000e+03
│ runtime = 08:20:00
└ norm(Q) = 1.3143179520000000e+09
┌ Info: Update
│ simtime = 6.0054208984375000e+03
│ runtime = 08:30:00
└ norm(Q) = 1.3144043520000000e+09
┌ Info: Update
│ simtime = 6.1241787109375000e+03
│ runtime = 08:40:00
└ norm(Q) = 1.3145224960000000e+09
┌ Info: Update
│ simtime = 6.2429912109375000e+03
│ runtime = 08:50:00
└ norm(Q) = 1.3145548800000000e+09
┌ Info: Update
│ simtime = 6.3618398437500000e+03
│ runtime = 09:00:00
└ norm(Q) = 1.3145885440000000e+09
┌ Info: Update
│ simtime = 6.4805410156250000e+03
│ runtime = 09:10:00
└ norm(Q) = 1.3146208000000000e+09
┌ Info: Update
│ simtime = 6.5993720703125000e+03
│ runtime = 09:20:00
└ norm(Q) = 1.3146622720000000e+09
┌ Info: Update
│ simtime = 6.7182470703125000e+03
│ runtime = 09:30:00
└ norm(Q) = 1.3147164160000000e+09
┌ Info: Update
│ simtime = 6.8371425781250000e+03
│ runtime = 09:40:00
└ norm(Q) = 1.3147219200000000e+09
┌ Info: Update
│ simtime = 6.9560507812500000e+03
│ runtime = 09:50:00
└ norm(Q) = 1.3147918080000000e+09
┌ Info: Update
│ simtime = 7.0748994140625000e+03
│ runtime = 10:00:00
└ norm(Q) = 1.3148499200000000e+09
┌ Info: Update
│ simtime = 7.1936103515625000e+03
│ runtime = 10:10:00
└ norm(Q) = 1.3149126400000000e+09
┌ Info: Update
│ simtime = 7.3125097656250000e+03
│ runtime = 10:20:00
└ norm(Q) = 1.3149885440000000e+09
┌ Info: Update
│ simtime = 7.4313916015625000e+03
│ runtime = 10:30:00
└ norm(Q) = 1.3150159360000000e+09
┌ Info: Update
│ simtime = 7.5503076171875000e+03
│ runtime = 10:40:00
└ norm(Q) = 1.3150268160000000e+09
┌ Info: Update
│ simtime = 7.6692363281250000e+03
│ runtime = 10:50:00
└ norm(Q) = 1.3150688000000000e+09
┌ Info: Update
│ simtime = 7.7881044921875000e+03
│ runtime = 11:00:00
└ norm(Q) = 1.3151513600000000e+09
┌ Info: Update
│ simtime = 7.9069882812500000e+03
│ runtime = 11:10:00
└ norm(Q) = 1.3152108800000000e+09
┌ Info: Update
│ simtime = 8.0258476562500000e+03
│ runtime = 11:20:00
└ norm(Q) = 1.3152180480000000e+09
┌ Info: Update
│ simtime = 8.1447568359375000e+03
│ runtime = 11:30:00
└ norm(Q) = 1.3152335360000000e+09
┌ Info: Update
│ simtime = 8.2636015625000000e+03
│ runtime = 11:40:00
└ norm(Q) = 1.3153210880000000e+09
┌ Info: Update
│ simtime = 8.3825175781250000e+03
│ runtime = 11:50:00
└ norm(Q) = 1.3153527040000000e+09
┌ Info: Update
│ simtime = 8.5013701171875000e+03
│ runtime = 12:00:00
└ norm(Q) = 1.3153850880000000e+09
┌ Info: Update
│ simtime = 8.6203076171875000e+03
│ runtime = 12:10:00
└ norm(Q) = 1.3154032640000000e+09
┌ Info: Update
│ simtime = 8.7392343750000000e+03
│ runtime = 12:20:00
└ norm(Q) = 1.3153824000000000e+09
┌ Info: Update
│ simtime = 8.8581142578125000e+03
│ runtime = 12:30:00
└ norm(Q) = 1.3154264320000000e+09
┌ Info: Update
│ simtime = 8.9770566406250000e+03
│ runtime = 12:40:00
└ norm(Q) = 1.3154956800000000e+09
┌ Info: Update
│ simtime = 9.0960312500000000e+03
│ runtime = 12:50:00
└ norm(Q) = 1.3155383040000000e+09
┌ Info: Update
│ simtime = 9.2148925781250000e+03
│ runtime = 13:00:00
└ norm(Q) = 1.3155786240000000e+09
┌ Info: Update
│ simtime = 9.3338544921875000e+03
│ runtime = 13:10:00
└ norm(Q) = 1.3156133120000000e+09
┌ Info: Update
│ simtime = 9.4527724609375000e+03
│ runtime = 13:20:00
└ norm(Q) = 1.3156778240000000e+09
┌ Info: Update
│ simtime = 9.5717060546875000e+03
│ runtime = 13:30:00
└ norm(Q) = 1.3156875520000000e+09
┌ Info: Update
│ simtime = 9.6907070312500000e+03
│ runtime = 13:40:00
└ norm(Q) = 1.3157295360000000e+09
┌ Info: Update
│ simtime = 9.8096318359375000e+03
│ runtime = 13:50:00
└ norm(Q) = 1.3158039040000000e+09
┌ Info: Update
│ simtime = 9.9286074218750000e+03
│ runtime = 14:00:00
└ norm(Q) = 1.3158332160000000e+09
┌ Info: Update
│ simtime = 1.0047622070312500e+04
│ runtime = 14:10:00
└ norm(Q) = 1.3158862080000000e+09
┌ Info: Update
│ simtime = 1.0166586914062500e+04
│ runtime = 14:20:00
└ norm(Q) = 1.3159449600000000e+09
┌ Info: Update
│ simtime = 1.0285580078125000e+04
│ runtime = 14:30:00
└ norm(Q) = 1.3159790080000000e+09
┌ Info: Update
│ simtime = 1.0404583984375000e+04
│ runtime = 14:40:00
└ norm(Q) = 1.3160358400000000e+09
┌ Info: Update
│ simtime = 1.0523471679687500e+04
│ runtime = 14:50:00
└ norm(Q) = 1.3160728320000000e+09
┌ Info: Update
│ simtime = 1.0642474609375000e+04
│ runtime = 15:00:00
└ norm(Q) = 1.3160524800000000e+09
┌ Info: Update
│ simtime = 1.0761414062500000e+04
│ runtime = 15:10:00
└ norm(Q) = 1.3160514560000000e+09
┌ Info: Update
│ simtime = 1.0880421875000000e+04
│ runtime = 15:20:00
└ norm(Q) = 1.3160866560000000e+09
┌ Info: Update
│ simtime = 1.0999403320312500e+04
│ runtime = 15:30:00
└ norm(Q) = 1.3160947200000000e+09
┌ Info: Update
│ simtime = 1.1118346679687500e+04
│ runtime = 15:40:00
└ norm(Q) = 1.3161152000000000e+09
┌ Info: Update
│ simtime = 1.1237381835937500e+04
│ runtime = 15:50:00
└ norm(Q) = 1.3161541120000000e+09
┌ Info: Update
│ simtime = 1.1356401367187500e+04
│ runtime = 16:00:00
└ norm(Q) = 1.3162033920000000e+09
┌ Info: Update
│ simtime = 1.1475420898437500e+04
│ runtime = 16:10:00
└ norm(Q) = 1.3162662400000000e+09
┌ Info: Update
│ simtime = 1.1594432617187500e+04
│ runtime = 16:20:00
└ norm(Q) = 1.3163130880000000e+09
┌ Info: Update
│ simtime = 1.1713483398437500e+04
│ runtime = 16:30:00
└ norm(Q) = 1.3163203840000000e+09
┌ Info: Update
│ simtime = 1.1832461914062500e+04
│ runtime = 16:40:00
└ norm(Q) = 1.3163174400000000e+09
┌ Info: Update
│ simtime = 1.1951520507812500e+04
│ runtime = 16:50:00
└ norm(Q) = 1.3163668480000000e+09
┌ Info: Update
│ simtime = 1.2070524414062500e+04
│ runtime = 17:00:00
└ norm(Q) = 1.3164256000000000e+09
┌ Info: Update
│ simtime = 1.2189565429687500e+04
│ runtime = 17:10:00
└ norm(Q) = 1.3164453120000000e+09
┌ Info: Update
│ simtime = 1.2308615234375000e+04
│ runtime = 17:20:00
└ norm(Q) = 1.3164936960000000e+09
┌ Info: Update
│ simtime = 1.2427537109375000e+04
│ runtime = 17:30:00
└ norm(Q) = 1.3165694720000000e+09
┌ Info: Update
│ simtime = 1.2546586914062500e+04
│ runtime = 17:40:00
└ norm(Q) = 1.3166585600000000e+09
┌ Info: Update
│ simtime = 1.2665662109375000e+04
│ runtime = 17:50:00
└ norm(Q) = 1.3167621120000000e+09
┌ Info: Update
│ simtime = 1.2784711914062500e+04
│ runtime = 18:00:00
└ norm(Q) = 1.3167875840000000e+09
┌ Info: Update
│ simtime = 1.2903694335937500e+04
│ runtime = 18:10:00
└ norm(Q) = 1.3167774720000000e+09
┌ Info: Update
│ simtime = 1.3022648437500000e+04
│ runtime = 18:20:00
└ norm(Q) = 1.3167997440000000e+09
┌ Info: Update
│ simtime = 1.3141696289062500e+04
│ runtime = 18:30:00
└ norm(Q) = 1.3168760320000000e+09
┌ Info: Update
│ simtime = 1.3260693359375000e+04
│ runtime = 18:40:00
└ norm(Q) = 1.3168657920000000e+09
┌ Info: Update
│ simtime = 1.3379722656250000e+04
│ runtime = 18:50:00
└ norm(Q) = 1.3168684800000000e+09
┌ Info: Update
│ simtime = 1.3498754882812500e+04
│ runtime = 19:00:00
└ norm(Q) = 1.3168874240000000e+09
┌ Info: Update
│ simtime = 1.3617782226562500e+04
│ runtime = 19:10:00
└ norm(Q) = 1.3169408000000000e+09
┌ Info: Update
│ simtime = 1.3736744140625000e+04
│ runtime = 19:20:00
└ norm(Q) = 1.3169496320000000e+09
┌ Info: Update
│ simtime = 1.3855771484375000e+04
│ runtime = 19:30:00
└ norm(Q) = 1.3170334720000000e+09
┌ Info: Update
│ simtime = 1.3974767578125000e+04
│ runtime = 19:40:00
└ norm(Q) = 1.3169853440000000e+09
┌ Info: Update
│ simtime = 1.4093830078125000e+04
│ runtime = 19:50:00
└ norm(Q) = 1.3170112000000000e+09
┌ Info: Update
│ simtime = 1.4212854492187500e+04
│ runtime = 20:00:00
└ norm(Q) = 1.3170853120000000e+09
┌ Info: Update
│ simtime = 1.4331833007812500e+04
│ runtime = 20:10:00
└ norm(Q) = 1.3170693120000000e+09
┌ Info: Finished
│ norm(Q)                 = 1.3170712320000000e+09
│ norm(Q) / norm(Q₀)      = 1.0028469562530518e+00
│ norm(Q) - norm(Q₀)      = 3.7390080000000000e+06
│ norm(Q - Qe)            = 6.3391960000000000e+07
└ norm(Q - Qe) / norm(Qe) = 4.8268031328916550e-02
/home/asridhar/CLIMA/examples/DGmethods/ex_001_dycoms.jl: Test Failed at /home/asridhar/CLIMA/examples/DGmethods/ex_001_dycoms.jl:250
  Expression: result ≈ DT(0.9999735345500744)
   Evaluated: 1.002847f0 ≈ 0.99997354f0
Stacktrace:
 [1] top-level scope at /home/asridhar/CLIMA/examples/DGmethods/ex_001_dycoms.jl:250
 [2] top-level scope at /buildworker/worker/package_linux64/build/usr/share/julia/stdlib/v1.2/Test/src/Test.jl:1186
 [3] top-level scope at /home/asridhar/CLIMA/examples/DGmethods/ex_001_dycoms.jl:199
Test Summary:                                            | Fail  Total
/home/asridhar/CLIMA/examples/DGmethods/ex_001_dycoms.jl |    1      1
ERROR: LoadError: Some tests did not pass: 0 passed, 1 failed, 0 errored, 0 broken.
in expression starting at /home/asridhar/CLIMA/examples/DGmethods/ex_001_dycoms.jl:187
--------------------------------------------------------------------------
Primary job  terminated normally, but 1 process returned
a non-zero exit code. Per user-direction, the job has been aborted.
--------------------------------------------------------------------------
--------------------------------------------------------------------------
mpirun detected that one or more processes exited with non-zero status, thus causing
the job to be terminated. The first process to do so was:

  Process name: [[49076,1],0]
  Exit code:    1
--------------------------------------------------------------------------
